<?xml version="1.0" encoding="UTF-8"?>
<!-- Generated by org.testng.reporters.JUnitReportReporter -->
<testsuite skipped="0" hostname="IBM847-PC0488LH" name="com.mendix.test.VendorScript_NAV" tests="2" failures="0" timestamp="01 Jan 2019 09:26:55 GMT" time="301.260" errors="0">
  <testcase name="Vendor_Create_Fill_In_Data_Global_Local_Bank_NAV" time="253.626" classname="com.mendix.test.VendorScript_NAV"/>
  <testcase name="Vendor_Create_Review_Local_Data_Approve_LDS" time="47.634" classname="com.mendix.test.VendorScript_NAV"/>
</testsuite> <!-- com.mendix.test.VendorScript_NAV -->
