<?xml version="1.0" encoding="UTF-8"?>
<!-- Generated by org.testng.reporters.JUnitReportReporter -->
<testsuite skipped="0" hostname="IBM847-PC0488LH" name="com.mendix.test.LoginScript" tests="9" failures="0" timestamp="01 Jan 2019 09:26:55 GMT" time="45.087" errors="0">
  <testcase name="loginAsLDRVendor" time="7.109" classname="com.mendix.test.LoginScript"/>
  <testcase name="loginAsLDRVendor" time="7.060" classname="com.mendix.test.LoginScript"/>
  <testcase name="openBrowser" time="4.080" classname="com.mendix.test.LoginScript"/>
  <testcase name="loginAsLDSVendor" time="7.271" classname="com.mendix.test.LoginScript"/>
  <testcase name="loginAsGDA" time="6.993" classname="com.mendix.test.LoginScript"/>
  <testcase name="tasKill" time="0.042" classname="com.mendix.test.LoginScript"/>
  <testcase name="openBrowser" time="4.325" classname="com.mendix.test.LoginScript"/>
  <testcase name="openBrowser" time="4.238" classname="com.mendix.test.LoginScript"/>
  <testcase name="openBrowser" time="3.969" classname="com.mendix.test.LoginScript"/>
</testsuite> <!-- com.mendix.test.LoginScript -->
