<?xml version="1.0" encoding="UTF-8"?>
<!-- Generated by org.testng.reporters.JUnitReportReporter -->
<testsuite skipped="0" hostname="IBM847-PC0488LH" name="com.mendix.test.MaterialScript" tests="1" failures="0" timestamp="10 Dec 2018 09:24:39 GMT" time="120.260" errors="0">
  <testcase name="Process_Information_Check" time="120.260" classname="com.mendix.test.MaterialScript"/>
</testsuite> <!-- com.mendix.test.MaterialScript -->
