<?xml version="1.0" encoding="UTF-8"?>
<!-- Generated by org.testng.reporters.JUnitReportReporter -->
<testsuite skipped="0" hostname="IBM847-PC0488LH" name="com.mendix.test.VendorScript" tests="6" failures="0" timestamp="01 Jan 2019 09:26:55 GMT" time="295.963" errors="0">
  <testcase name="Process_Information_Check" time="57.504" classname="com.mendix.test.VendorScript"/>
  <testcase name="Vendor_Create_Fill_In_Questionnaire" time="30.483" classname="com.mendix.test.VendorScript"/>
  <testcase name="Vendor_Create_Review_Global_Data_Approve_GDA" time="45.575" classname="com.mendix.test.VendorScript"/>
  <testcase name="Vendor_Create_Syndication_Check" time="55.415" classname="com.mendix.test.VendorScript"/>
  <testcase name="Process_Information_Check" time="52.259" classname="com.mendix.test.VendorScript"/>
  <testcase name="Process_Information_Check" time="54.727" classname="com.mendix.test.VendorScript"/>
</testsuite> <!-- com.mendix.test.VendorScript -->
