<?xml version="1.0" encoding="UTF-8"?>
<!-- Generated by org.testng.reporters.JUnitReportReporter -->
<testsuite skipped="0" hostname="IBM141-PC0F1FB8" name="com.mendix.test.LoginScript" tests="3" failures="0" timestamp="09 Apr 2019 05:58:24 GMT" time="14.213" errors="0">
  <testcase name="loginAsLDRVendor" time="7.886" classname="com.mendix.test.LoginScript"/>
  <testcase name="openBrowser" time="6.256" classname="com.mendix.test.LoginScript"/>
  <testcase name="tasKill" time="0.071" classname="com.mendix.test.LoginScript"/>
</testsuite> <!-- com.mendix.test.LoginScript -->
