<?xml version="1.0" encoding="UTF-8"?>
<!-- Generated by org.testng.reporters.JUnitReportReporter -->
<testsuite skipped="0" hostname="IBM141-PC0F1FB8" name="com.mendix.test.LoginScript" tests="7" failures="0" timestamp="02 Apr 2019 07:16:20 GMT" time="28.577" errors="0">
  <testcase name="tasKill" time="0.095" classname="com.mendix.test.LoginScript"/>
  <testcase name="openBrowser" time="4.551" classname="com.mendix.test.LoginScript"/>
  <testcase name="openBrowser" time="2.969" classname="com.mendix.test.LoginScript"/>
  <testcase name="loginAsLDRVendor" time="5.909" classname="com.mendix.test.LoginScript"/>
  <testcase name="loginAsLDRVendor" time="5.923" classname="com.mendix.test.LoginScript"/>
  <testcase name="loginAsGDA" time="5.663" classname="com.mendix.test.LoginScript"/>
  <testcase name="openBrowser" time="3.467" classname="com.mendix.test.LoginScript"/>
</testsuite> <!-- com.mendix.test.LoginScript -->
