<?xml version="1.0" encoding="UTF-8"?>
<!-- Generated by org.testng.reporters.JUnitReportReporter -->
<testsuite skipped="0" hostname="IBM141-PC0F1FB8" name="com.mendix.test.VendorScript" tests="2" failures="0" timestamp="09 Apr 2019 05:58:24 GMT" time="81.359" errors="0">
  <testcase name="Vendor_Create_Fill_In_Questionnaire" time="35.467" classname="com.mendix.test.VendorScript"/>
  <testcase name="Vendor_Create_Fill_In_Data_JDE" time="45.892" classname="com.mendix.test.VendorScript"/>
</testsuite> <!-- com.mendix.test.VendorScript -->
