<?xml version="1.0" encoding="UTF-8"?>
<!-- Generated by org.testng.reporters.JUnitReportReporter -->
<testsuite skipped="0" hostname="IBM279-PC0F1DLV" name="com.mendix.test.LoginScript" tests="2" failures="0" timestamp="14 May 2019 05:09:35 GMT" time="13.241" errors="0">
  <testcase name="openBrowser" time="5.315" classname="com.mendix.test.LoginScript"/>
  <testcase name="loginAsLDR" time="7.926" classname="com.mendix.test.LoginScript"/>
</testsuite> <!-- com.mendix.test.LoginScript -->
