<?xml version="1.0" encoding="UTF-8"?>
<!-- Generated by org.testng.reporters.JUnitReportReporter -->
<testsuite skipped="0" hostname="IBM279-PC0F1DLV" name="com.mendix.test.VendorScript" tests="1" failures="0" timestamp="13 May 2019 05:47:37 GMT" time="149.940" errors="0">
  <testcase name="Vendor_Global_LockCheck" time="149.940" classname="com.mendix.test.VendorScript"/>
</testsuite> <!-- com.mendix.test.VendorScript -->
