<?xml version="1.0" encoding="UTF-8"?>
<!-- Generated by org.testng.reporters.JUnitReportReporter -->
<testsuite skipped="0" hostname="IBM279-PC0F1DLV" name="com.mendix.test.MaterialNavScript" tests="1" failures="0" timestamp="13 May 2019 11:47:27 GMT" time="15.184" errors="0">
  <testcase name="Material_Create_Review_Global_Data_Approve_LDS" time="15.184" classname="com.mendix.test.MaterialNavScript"/>
</testsuite> <!-- com.mendix.test.MaterialNavScript -->
