<?xml version="1.0" encoding="UTF-8"?>
<!-- Generated by org.testng.reporters.JUnitReportReporter -->
<testsuite skipped="0" hostname="DESKTOP-8D4LHVL" name="com.mendix.test.LoginScript" tests="5" failures="0" timestamp="28 Jan 2019 10:42:43 GMT" time="17.824" errors="0">
  <testcase name="tasKill" time="0.031" classname="com.mendix.test.LoginScript"/>
  <testcase name="loginAsGDA" time="9.953" classname="com.mendix.test.LoginScript"/>
  <testcase name="openBrowser" time="2.783" classname="com.mendix.test.LoginScript"/>
  <testcase name="openBrowser" time="2.813" classname="com.mendix.test.LoginScript"/>
  <testcase name="openBrowser" time="2.244" classname="com.mendix.test.LoginScript"/>
</testsuite> <!-- com.mendix.test.LoginScript -->
